<?xml version="1.0" encoding="UTF-8"?>
<!-- Generated by org.testng.reporters.JUnitReportReporter -->
<testsuite hostname="DESKTOP-GMEKR49" failures="0" tests="10" name="com.qa.tests.PulsappobTest" time="672.790" errors="0" timestamp="2020-08-05T15:22:34 ICT" skipped="0">
  <testcase classname="com.qa.tests.PulsappobTest" name="belipulsa5rbPpob" time="49.460"/>
  <system-out/>
  <testcase classname="com.qa.tests.PulsappobTest" name="belipulsa200rbPpob" time="68.401"/>
  <system-out/>
  <testcase classname="com.qa.tests.PulsappobTest" name="belipulsa10rbPpob" time="48.025"/>
  <system-out/>
  <testcase classname="com.qa.tests.PulsappobTest" name="belipulsa1jtPpob" time="89.657"/>
  <system-out/>
  <testcase classname="com.qa.tests.PulsappobTest" name="belipulsa50rbPpob" time="95.966"/>
  <system-out/>
  <testcase classname="com.qa.tests.PulsappobTest" name="belipulsa20rbPpob" time="45.197"/>
  <system-out/>
  <testcase classname="com.qa.tests.PulsappobTest" name="belipulsa300rbPpob" time="62.735"/>
  <system-out/>
  <testcase classname="com.qa.tests.PulsappobTest" name="belipulsa25rbPpob" time="56.119"/>
  <system-out/>
  <testcase classname="com.qa.tests.PulsappobTest" name="belipulsa100rbPpob" time="85.304"/>
  <system-out/>
  <testcase classname="com.qa.tests.PulsappobTest" name="belipulsa150rbPpob" time="71.926"/>
  <system-out/>
</testsuite> <!-- com.qa.tests.PulsappobTest -->
