<?xml version="1.0" encoding="UTF-8"?>
<!-- Generated by org.testng.reporters.JUnitReportReporter -->
<testsuite skipped="0" hostname="LAPTOP-RN5DS47J" name="com.qa.tests.PPOBTest" tests="1" failures="0" timestamp="2020-07-30T17:02:12 ICT" time="28.384" errors="0">
  <testcase name="bayarTagihanPLNPrabayar5ribu" time="28.384" classname="com.qa.tests.PPOBTest"/>
  <system-out/>
</testsuite> <!-- com.qa.tests.PPOBTest -->
