<?xml version="1.0" encoding="UTF-8"?>
<!-- Generated by org.testng.reporters.JUnitReportReporter -->
<testsuite hostname="DESKTOP-GMEKR49" failures="0" tests="1" name="com.qa.tests.UbahPasswordTest" time="68.569" errors="0" timestamp="2020-08-06T16:42:29 ICT" skipped="0">
  <testcase classname="com.qa.tests.UbahPasswordTest" name="ubahPass" time="68.569"/>
  <system-out/>
</testsuite> <!-- com.qa.tests.UbahPasswordTest -->
