<?xml version="1.0" encoding="UTF-8"?>
<!-- Generated by org.testng.reporters.JUnitReportReporter -->
<testsuite hostname="DESKTOP-GMEKR49" failures="0" tests="1" name="com.qa.tests.PPOBTest" time="22.170" errors="1" timestamp="2020-08-04T09:28:52 ICT" skipped="0">
  <testcase classname="com.qa.tests.PPOBTest" name="bayarTagihanPLNPrabayar5ribu" time="22.170">
    <error message="The element &#039;By.id: id.dretail.mpos:id/balanceTotal&#039; does not exist in DOM anymore
For documentation on this error, please visit: https://www.seleniumhq.org/exceptions/stale_element_reference.html
Build info: version: &#039;3.141.59&#039;, revision: &#039;e82be7d358&#039;, time: &#039;2018-11-14T08:17:03&#039;
System info: host: &#039;DESKTOP-GMEKR49&#039;, ip: &#039;172.22.62.81&#039;, os.name: &#039;Windows 10&#039;, os.arch: &#039;amd64&#039;, os.version: &#039;10.0&#039;, java.version: &#039;9.0.4&#039;
Driver info: io.appium.java_client.android.AndroidDriver
Capabilities {appActivity: id.dretail.mpos.activity.Sp..., appPackage: id.dretail.mpos, appWaitActivity: id.dretail.mpos.activity.Lo..., autoGrantPermissions: true, automationName: UiAutomator2, chromeDriverPort: 11004, databaseEnabled: false, desired: {appActivity: id.dretail.mpos.activity.Sp..., appPackage: id.dretail.mpos, appWaitActivity: id.dretail.mpos.activity.Lo..., autoGrantPermissions: true, automationName: UiAutomator2, chromeDriverPort: 11004, deviceName: SM-T295-Bg-Acil, fullReset: false, mjpegServerPort: 12004, noReset: true, platformName: android, platformVersion: 9.0, systemPort: 10004, udid: R9CMC04AD1J}, deviceApiLevel: 28, deviceManufacturer: samsung, deviceModel: SM-T295, deviceName: R9CMC04AD1J, deviceScreenDensity: 213, deviceScreenSize: 1280x800, deviceUDID: R9CMC04AD1J, fullReset: false, javascriptEnabled: true, locationContextEnabled: false, mjpegServerPort: 12004, networkConnectionEnabled: true, noReset: true, pixelRatio: 1.3312501, platform: LINUX, platformName: Android, platformVersion: 9, statBarHeight: 32, systemPort: 10004, takesScreenshot: true, udid: R9CMC04AD1J, viewportRect: {height: 704, left: 0, top: 32, width: 1280}, warnings: {}, webStorageEnabled: false}
Session ID: 023a5cd8-b57c-48a8-a232-41dfd1d328ff" type="org.openqa.selenium.StaleElementReferenceException">
      <![CDATA[org.openqa.selenium.StaleElementReferenceException: The element 'By.id: id.dretail.mpos:id/balanceTotal' does not exist in DOM anymore
For documentation on this error, please visit: https://www.seleniumhq.org/exceptions/stale_element_reference.html
Build info: version: '3.141.59', revision: 'e82be7d358', time: '2018-11-14T08:17:03'
System info: host: 'DESKTOP-GMEKR49', ip: '172.22.62.81', os.name: 'Windows 10', os.arch: 'amd64', os.version: '10.0', java.version: '9.0.4'
Driver info: io.appium.java_client.android.AndroidDriver
Capabilities {appActivity: id.dretail.mpos.activity.Sp..., appPackage: id.dretail.mpos, appWaitActivity: id.dretail.mpos.activity.Lo..., autoGrantPermissions: true, automationName: UiAutomator2, chromeDriverPort: 11004, databaseEnabled: false, desired: {appActivity: id.dretail.mpos.activity.Sp..., appPackage: id.dretail.mpos, appWaitActivity: id.dretail.mpos.activity.Lo..., autoGrantPermissions: true, automationName: UiAutomator2, chromeDriverPort: 11004, deviceName: SM-T295-Bg-Acil, fullReset: false, mjpegServerPort: 12004, noReset: true, platformName: android, platformVersion: 9.0, systemPort: 10004, udid: R9CMC04AD1J}, deviceApiLevel: 28, deviceManufacturer: samsung, deviceModel: SM-T295, deviceName: R9CMC04AD1J, deviceScreenDensity: 213, deviceScreenSize: 1280x800, deviceUDID: R9CMC04AD1J, fullReset: false, javascriptEnabled: true, locationContextEnabled: false, mjpegServerPort: 12004, networkConnectionEnabled: true, noReset: true, pixelRatio: 1.3312501, platform: LINUX, platformName: Android, platformVersion: 9, statBarHeight: 32, systemPort: 10004, takesScreenshot: true, udid: R9CMC04AD1J, viewportRect: {height: 704, left: 0, top: 32, width: 1280}, warnings: {}, webStorageEnabled: false}
Session ID: 023a5cd8-b57c-48a8-a232-41dfd1d328ff
at java.base/jdk.internal.reflect.NativeConstructorAccessorImpl.newInstance0(Native Method)
at java.base/jdk.internal.reflect.NativeConstructorAccessorImpl.newInstance(NativeConstructorAccessorImpl.java:62)
at java.base/jdk.internal.reflect.DelegatingConstructorAccessorImpl.newInstance(DelegatingConstructorAccessorImpl.java:45)
at java.base/java.lang.reflect.Constructor.newInstance(Constructor.java:488)
at org.openqa.selenium.remote.http.W3CHttpResponseCodec.createException(W3CHttpResponseCodec.java:187)
at org.openqa.selenium.remote.http.W3CHttpResponseCodec.decode(W3CHttpResponseCodec.java:122)
at org.openqa.selenium.remote.http.W3CHttpResponseCodec.decode(W3CHttpResponseCodec.java:49)
at org.openqa.selenium.remote.HttpCommandExecutor.execute(HttpCommandExecutor.java:158)
at io.appium.java_client.remote.AppiumCommandExecutor.execute(AppiumCommandExecutor.java:239)
at org.openqa.selenium.remote.RemoteWebDriver.execute(RemoteWebDriver.java:552)
at io.appium.java_client.DefaultGenericMobileDriver.execute(DefaultGenericMobileDriver.java:41)
at io.appium.java_client.AppiumDriver.execute(AppiumDriver.java:1)
at io.appium.java_client.android.AndroidDriver.execute(AndroidDriver.java:1)
at org.openqa.selenium.remote.RemoteWebElement.execute(RemoteWebElement.java:285)
at io.appium.java_client.DefaultGenericMobileElement.execute(DefaultGenericMobileElement.java:45)
at io.appium.java_client.MobileElement.execute(MobileElement.java:1)
at io.appium.java_client.android.AndroidElement.execute(AndroidElement.java:1)
at org.openqa.selenium.remote.RemoteWebElement.isDisplayed(RemoteWebElement.java:326)
at java.base/jdk.internal.reflect.NativeMethodAccessorImpl.invoke0(Native Method)
at java.base/jdk.internal.reflect.NativeMethodAccessorImpl.invoke(NativeMethodAccessorImpl.java:62)
at java.base/jdk.internal.reflect.DelegatingMethodAccessorImpl.invoke(DelegatingMethodAccessorImpl.java:43)
at java.base/java.lang.reflect.Method.invoke(Method.java:564)
at io.appium.java_client.pagefactory.ElementInterceptor.getObject(ElementInterceptor.java:40)
at io.appium.java_client.pagefactory.interceptors.InterceptorOfASingleElement.intercept(InterceptorOfASingleElement.java:60)
at io.appium.java_client.android.AndroidElement$$EnhancerByCGLIB$$b598166c.isDisplayed(<generated>)
at org.openqa.selenium.support.ui.ExpectedConditions.elementIfVisible(ExpectedConditions.java:314)
at org.openqa.selenium.support.ui.ExpectedConditions.access$000(ExpectedConditions.java:43)
at org.openqa.selenium.support.ui.ExpectedConditions$10.apply(ExpectedConditions.java:300)
at org.openqa.selenium.support.ui.ExpectedConditions$10.apply(ExpectedConditions.java:297)
at org.openqa.selenium.support.ui.FluentWait.until(FluentWait.java:249)
at com.qa.base.BaseTest.waitForVisibility(BaseTest.java:346)
at com.qa.base.BaseTest.getText(BaseTest.java:416)
at com.qa.pages.penjualan.PLNDenomPage.getTotalSaldo(PLNDenomPage.java:89)
at com.qa.tests.PPOBTest.bayarTagihanPLNPrabayar5ribu(PPOBTest.java:105)
at java.base/jdk.internal.reflect.NativeMethodAccessorImpl.invoke0(Native Method)
at java.base/jdk.internal.reflect.NativeMethodAccessorImpl.invoke(NativeMethodAccessorImpl.java:62)
at java.base/jdk.internal.reflect.DelegatingMethodAccessorImpl.invoke(DelegatingMethodAccessorImpl.java:43)
at java.base/java.lang.reflect.Method.invoke(Method.java:564)
at org.testng.internal.MethodInvocationHelper.invokeMethod(MethodInvocationHelper.java:134)
at org.testng.internal.TestInvoker.invokeMethod(TestInvoker.java:597)
at org.testng.internal.TestInvoker.invokeTestMethod(TestInvoker.java:173)
at org.testng.internal.MethodRunner.runInSequence(MethodRunner.java:46)
at org.testng.internal.TestInvoker$MethodInvocationAgent.invoke(TestInvoker.java:816)
at org.testng.internal.TestInvoker.invokeTestMethods(TestInvoker.java:146)
at org.testng.internal.TestMethodWorker.invokeTestMethods(TestMethodWorker.java:146)
at org.testng.internal.TestMethodWorker.run(TestMethodWorker.java:128)
at java.base/java.util.ArrayList.forEach(ArrayList.java:1380)
at org.testng.TestRunner.privateRun(TestRunner.java:766)
at org.testng.TestRunner.run(TestRunner.java:587)
at org.testng.SuiteRunner.runTest(SuiteRunner.java:384)
at org.testng.SuiteRunner.access$000(SuiteRunner.java:28)
at org.testng.SuiteRunner$SuiteWorker.run(SuiteRunner.java:425)
at org.testng.internal.thread.ThreadUtil.lambda$execute$0(ThreadUtil.java:68)
at java.base/java.util.concurrent.FutureTask.run(FutureTask.java:264)
at java.base/java.util.concurrent.ThreadPoolExecutor.runWorker(ThreadPoolExecutor.java:1167)
at java.base/java.util.concurrent.ThreadPoolExecutor$Worker.run(ThreadPoolExecutor.java:641)
at java.base/java.lang.Thread.run(Thread.java:844)
]]>
    </error>
  </testcase> <!-- bayarTagihanPLNPrabayar5ribu -->
  <system-out>
This is the sample screenshot <a href='C:\Users\acil\git\AppiumTDDFramework\Screenshots\Android_SM-T295-Bg-Acil\2020-08-04_09-27-57\PPOBTest\bayarTagihanPLNPrabayar5ribu.png'> <img src='C:\Users\acil\git\AppiumTDDFramework\Screenshots\Android_SM-T295-Bg-Acil\2020-08-04_09-27-57\PPOBTest\bayarTagihanPLNPrabayar5ribu.png' height='400' width='400'/> </a>  </system-out>
</testsuite> <!-- com.qa.tests.PPOBTest -->
