<?xml version="1.0" encoding="UTF-8"?>
<!-- Generated by org.testng.reporters.JUnitReportReporter -->
<testsuite skipped="4" hostname="LAPTOP-RN5DS47J" name="com.qa.tests.ProductTest" tests="4" failures="0" timestamp="11 Jun 2020 09:13:59 GMT" time="0.000" errors="0">
  <testcase name="validateProductOnProductsPage" time="0.000" classname="com.qa.tests.ProductTest">
    <skipped/>
  </testcase> <!-- validateProductOnProductsPage -->
  <testcase name="validateProductOnProductDetailsPage" time="0.000" classname="com.qa.tests.ProductTest">
    <skipped/>
  </testcase> <!-- validateProductOnProductDetailsPage -->
  <testcase name="validateProductOnProductsPage" time="0.000" classname="com.qa.tests.ProductTest">
    <skipped/>
  </testcase> <!-- validateProductOnProductsPage -->
  <testcase name="validateProductOnProductDetailsPage" time="0.000" classname="com.qa.tests.ProductTest">
    <skipped/>
  </testcase> <!-- validateProductOnProductDetailsPage -->
</testsuite> <!-- com.qa.tests.ProductTest -->
