<?xml version="1.0" encoding="UTF-8"?>
<!-- Generated by org.testng.reporters.JUnitReportReporter -->
<testsuite skipped="0" hostname="LAPTOP-RN5DS47J" name="com.qa.tests.LoginTest" tests="6" failures="0" timestamp="2020-07-21T14:34:12 ICT" time="111.731" errors="0">
  <testcase name="loginInvalidPassword" time="9.435" classname="com.qa.tests.LoginTest"/>
  <system-out/>
  <testcase name="loginValidUser" time="19.055" classname="com.qa.tests.LoginTest"/>
  <system-out/>
  <testcase name="loginValidUser" time="21.546" classname="com.qa.tests.LoginTest"/>
  <system-out/>
  <testcase name="loginInvalidUsername" time="29.238" classname="com.qa.tests.LoginTest"/>
  <system-out/>
  <testcase name="loginInvalidPassword" time="7.971" classname="com.qa.tests.LoginTest"/>
  <system-out/>
  <testcase name="loginInvalidUsername" time="24.486" classname="com.qa.tests.LoginTest"/>
  <system-out/>
</testsuite> <!-- com.qa.tests.LoginTest -->
