<?xml version="1.0" encoding="UTF-8"?>
<!-- Generated by org.testng.reporters.JUnitReportReporter -->
<testsuite skipped="0" hostname="DESKTOP-UH2AGQ7" name="com.qa.tests.MelihatTransaksiTest" tests="3" failures="0" timestamp="2020-08-12T11:14:55 ICT" time="24.772" errors="0">
  <testcase name="loginValidUser" time="4.653" classname="com.qa.tests.MelihatTransaksiTest"/>
  <system-out/>
  <testcase name="melihatTransaksi" time="16.250" classname="com.qa.tests.MelihatTransaksiTest"/>
  <system-out/>
  <testcase name="logout" time="3.869" classname="com.qa.tests.MelihatTransaksiTest"/>
  <system-out/>
</testsuite> <!-- com.qa.tests.MelihatTransaksiTest -->
