<?xml version="1.0" encoding="UTF-8"?>
<!-- Generated by org.testng.reporters.JUnitReportReporter -->
<testsuite skipped="0" hostname="DESKTOP-UH2AGQ7" name="com.qa.tests.MenggantiFooterRow1Test" tests="3" failures="0" timestamp="2020-09-02T10:30:08 ICT" time="32.300" errors="0">
  <testcase name="loginValidUser" time="5.546" classname="com.qa.tests.MenggantiFooterRow1Test"/>
  <system-out/>
  <testcase name="gantiFooterRow1" time="22.262" classname="com.qa.tests.MenggantiFooterRow1Test"/>
  <system-out/>
  <testcase name="logout" time="4.492" classname="com.qa.tests.MenggantiFooterRow1Test"/>
  <system-out/>
</testsuite> <!-- com.qa.tests.MenggantiFooterRow1Test -->
