<?xml version="1.0" encoding="UTF-8"?>
<!-- Generated by org.testng.reporters.JUnitReportReporter -->
<testsuite skipped="0" hostname="micropay" name="com.qa.tests.ProfilTest" tests="3" failures="0" timestamp="2020-08-03T15:05:50 ICT" time="107.480" errors="0">
  <testcase name="isiSemuaRowFooter" time="37.033" classname="com.qa.tests.ProfilTest"/>
  <system-out/>
  <testcase name="kosongkanFooterRow1" time="36.941" classname="com.qa.tests.ProfilTest"/>
  <system-out/>
  <testcase name="isiSemuaRowFooter" time="33.506" classname="com.qa.tests.ProfilTest"/>
  <system-out/>
</testsuite> <!-- com.qa.tests.ProfilTest -->
