<?xml version="1.0" encoding="UTF-8"?>
<!-- Generated by org.testng.reporters.JUnitReportReporter -->
<testsuite skipped="0" hostname="DESKTOP-UH2AGQ7" name="com.qa.tests.PembayaranPendingTest" tests="3" failures="0" timestamp="2020-08-10T11:55:42 ICT" time="33.929" errors="0">
  <testcase name="loginValidUser" time="5.276" classname="com.qa.tests.PembayaranPendingTest"/>
  <system-out/>
  <testcase name="menambahDelivery" time="24.263" classname="com.qa.tests.PembayaranPendingTest"/>
  <system-out/>
  <testcase name="logout" time="4.390" classname="com.qa.tests.PembayaranPendingTest"/>
  <system-out/>
</testsuite> <!-- com.qa.tests.PembayaranPendingTest -->
