<?xml version="1.0" encoding="UTF-8"?>
<!-- Generated by org.testng.reporters.JUnitReportReporter -->
<testsuite hostname="DESKTOP-GMEKR49" failures="0" tests="1" name="com.qa.tests.InventoryTest" time="49.831" errors="0" timestamp="2020-08-12T17:24:54 ICT" skipped="0">
  <testcase classname="com.qa.tests.InventoryTest" name="beliInventory" time="49.831"/>
  <system-out/>
</testsuite> <!-- com.qa.tests.InventoryTest -->
