<?xml version="1.0" encoding="UTF-8"?>
<!-- Generated by org.testng.reporters.JUnitReportReporter -->
<testsuite skipped="0" hostname="DESKTOP-UH2AGQ7" name="com.qa.tests.PrintResiTest" tests="3" failures="0" timestamp="2020-08-12T14:32:46 ICT" time="41.836" errors="0">
  <testcase name="loginValidUser" time="5.170" classname="com.qa.tests.PrintResiTest"/>
  <system-out/>
  <testcase name="melihatDetailTransaksi" time="32.274" classname="com.qa.tests.PrintResiTest"/>
  <system-out/>
  <testcase name="logout" time="4.392" classname="com.qa.tests.PrintResiTest"/>
  <system-out/>
</testsuite> <!-- com.qa.tests.PrintResiTest -->
