<?xml version="1.0" encoding="UTF-8"?>
<!-- Generated by org.testng.reporters.JUnitReportReporter -->
<testsuite skipped="0" hostname="DESKTOP-UH2AGQ7" name="com.qa.tests.PembayaranTransferTest" tests="3" failures="0" timestamp="2020-08-10T14:51:02 ICT" time="42.400" errors="0">
  <testcase name="loginValidUser" time="5.289" classname="com.qa.tests.PembayaranTransferTest"/>
  <system-out/>
  <testcase name="menambahDelivery" time="32.686" classname="com.qa.tests.PembayaranTransferTest"/>
  <system-out/>
  <testcase name="logout" time="4.425" classname="com.qa.tests.PembayaranTransferTest"/>
  <system-out/>
</testsuite> <!-- com.qa.tests.PembayaranTransferTest -->
