<?xml version="1.0" encoding="UTF-8"?>
<!-- Generated by org.testng.reporters.JUnitReportReporter -->
<testsuite hostname="DESKTOP-GMEKR49" failures="0" tests="1" name="com.qa.tests.PulsappobTest" time="55.791" errors="0" timestamp="2020-08-06T15:44:58 ICT" skipped="0">
  <testcase classname="com.qa.tests.PulsappobTest" name="belipulsa5rbPpob" time="55.791"/>
  <system-out/>
</testsuite> <!-- com.qa.tests.PulsappobTest -->
