<?xml version="1.0" encoding="UTF-8"?>
<!-- Generated by org.testng.reporters.JUnitReportReporter -->
<testsuite skipped="0" hostname="DESKTOP-UH2AGQ7" name="com.qa.tests.SplitPaymentTest" tests="3" failures="0" timestamp="2020-09-01T14:11:37 ICT" time="64.357" errors="0">
  <testcase name="loginValidUser" time="5.132" classname="com.qa.tests.SplitPaymentTest"/>
  <system-out/>
  <testcase name="splitPayment" time="54.798" classname="com.qa.tests.SplitPaymentTest"/>
  <system-out/>
  <testcase name="logout" time="4.427" classname="com.qa.tests.SplitPaymentTest"/>
  <system-out/>
</testsuite> <!-- com.qa.tests.SplitPaymentTest -->
