<?xml version="1.0" encoding="UTF-8"?>
<!-- Generated by org.testng.reporters.JUnitReportReporter -->
<testsuite skipped="0" hostname="DESKTOP-UH2AGQ7" name="com.qa.tests.CekPembulatanTest" tests="3" failures="0" timestamp="2020-08-07T11:08:19 ICT" time="24.689" errors="0">
  <testcase name="loginValidUser" time="5.698" classname="com.qa.tests.CekPembulatanTest"/>
  <system-out/>
  <testcase name="menambahDelivery" time="15.135" classname="com.qa.tests.CekPembulatanTest"/>
  <system-out/>
  <testcase name="logout" time="3.856" classname="com.qa.tests.CekPembulatanTest"/>
  <system-out/>
</testsuite> <!-- com.qa.tests.CekPembulatanTest -->
