<?xml version="1.0" encoding="UTF-8"?>
<!-- Generated by org.testng.reporters.JUnitReportReporter -->
<testsuite hostname="DESKTOP-GMEKR49" failures="0" tests="12" name="com.qa.tests.BpjsppobTest" time="866.940" errors="0" timestamp="2020-08-05T15:03:50 ICT" skipped="0">
  <testcase classname="com.qa.tests.BpjsppobTest" name="belibpjs1bPpob" time="45.293"/>
  <system-out/>
  <testcase classname="com.qa.tests.BpjsppobTest" name="belibpjs11bPpob" time="56.570"/>
  <system-out/>
  <testcase classname="com.qa.tests.BpjsppobTest" name="belibpjs10bPpob" time="58.202"/>
  <system-out/>
  <testcase classname="com.qa.tests.BpjsppobTest" name="belibpjs3bPpob" time="49.627"/>
  <system-out/>
  <testcase classname="com.qa.tests.BpjsppobTest" name="belibpjs7bPpob" time="153.731"/>
  <system-out/>
  <testcase classname="com.qa.tests.BpjsppobTest" name="belibpjs8bPpob" time="141.510"/>
  <system-out/>
  <testcase classname="com.qa.tests.BpjsppobTest" name="belibpjs5bPpob" time="56.483"/>
  <system-out/>
  <testcase classname="com.qa.tests.BpjsppobTest" name="belibpjs4bPpob" time="52.093"/>
  <system-out/>
  <testcase classname="com.qa.tests.BpjsppobTest" name="belibpjs9bPpob" time="78.986"/>
  <system-out/>
  <testcase classname="com.qa.tests.BpjsppobTest" name="belibpjs2bPpob" time="51.155"/>
  <system-out/>
  <testcase classname="com.qa.tests.BpjsppobTest" name="belibpjs12bPpob" time="62.211"/>
  <system-out/>
  <testcase classname="com.qa.tests.BpjsppobTest" name="belibpjs6bPpob" time="61.079"/>
  <system-out/>
</testsuite> <!-- com.qa.tests.BpjsppobTest -->
