<?xml version="1.0" encoding="UTF-8"?>
<!-- Generated by org.testng.reporters.JUnitReportReporter -->
<testsuite skipped="0" hostname="DESKTOP-UH2AGQ7" name="com.qa.tests.PembayaranVoucherTest" tests="3" failures="0" timestamp="2020-08-10T16:10:10 ICT" time="34.438" errors="0">
  <testcase name="loginValidUser" time="4.595" classname="com.qa.tests.PembayaranVoucherTest"/>
  <system-out/>
  <testcase name="PembayaranVoucher" time="25.472" classname="com.qa.tests.PembayaranVoucherTest"/>
  <system-out/>
  <testcase name="logout" time="4.371" classname="com.qa.tests.PembayaranVoucherTest"/>
  <system-out/>
</testsuite> <!-- com.qa.tests.PembayaranVoucherTest -->
