<?xml version="1.0" encoding="UTF-8"?>
<!-- Generated by org.testng.reporters.JUnitReportReporter -->
<testsuite hostname="DESKTOP-GMEKR49" failures="0" tests="3" name="com.qa.tests.UbahTypeOrderTest" time="51.011" errors="0" timestamp="2020-08-06T17:13:01 ICT" skipped="0">
  <testcase classname="com.qa.tests.UbahTypeOrderTest" name="ubahTypeordertakeaway" time="16.166"/>
  <system-out/>
  <testcase classname="com.qa.tests.UbahTypeOrderTest" name="ubahTypeorderdinein" time="17.442"/>
  <system-out/>
  <testcase classname="com.qa.tests.UbahTypeOrderTest" name="ubahTypeorderlainnya" time="17.403"/>
  <system-out/>
</testsuite> <!-- com.qa.tests.UbahTypeOrderTest -->
