<?xml version="1.0" encoding="UTF-8"?>
<!-- Generated by org.testng.reporters.JUnitReportReporter -->
<testsuite skipped="0" hostname="DESKTOP-UH2AGQ7" name="com.qa.tests.MelihatDetailTransaksiTest" tests="3" failures="0" timestamp="2020-08-12T13:42:10 ICT" time="28.801" errors="0">
  <testcase name="loginValidUser" time="4.543" classname="com.qa.tests.MelihatDetailTransaksiTest"/>
  <system-out/>
  <testcase name="melihatTransaksi" time="19.609" classname="com.qa.tests.MelihatDetailTransaksiTest"/>
  <system-out/>
  <testcase name="logout" time="4.649" classname="com.qa.tests.MelihatDetailTransaksiTest"/>
  <system-out/>
</testsuite> <!-- com.qa.tests.MelihatDetailTransaksiTest -->
