<?xml version="1.0" encoding="UTF-8"?>
<!-- Generated by org.testng.reporters.JUnitReportReporter -->
<testsuite skipped="0" hostname="DESKTOP-UH2AGQ7" name="com.qa.tests.MenggantiFooterRow2Test" tests="3" failures="0" timestamp="2020-09-02T10:35:37 ICT" time="32.720" errors="0">
  <testcase name="loginValidUser" time="5.145" classname="com.qa.tests.MenggantiFooterRow2Test"/>
  <system-out/>
  <testcase name="gantiFooterRow1" time="23.078" classname="com.qa.tests.MenggantiFooterRow2Test"/>
  <system-out/>
  <testcase name="logout" time="4.497" classname="com.qa.tests.MenggantiFooterRow2Test"/>
  <system-out/>
</testsuite> <!-- com.qa.tests.MenggantiFooterRow2Test -->
