<?xml version="1.0" encoding="UTF-8"?>
<!-- Generated by org.testng.reporters.JUnitReportReporter -->
<testsuite skipped="0" hostname="LAPTOP-RN5DS47J" name="com.qa.tests.ProfilTest" tests="1" failures="0" timestamp="2020-07-29T22:01:08 ICT" time="29.720" errors="0">
  <testcase name="kosongkanFooterRow2" time="29.720" classname="com.qa.tests.ProfilTest"/>
  <system-out/>
</testsuite> <!-- com.qa.tests.ProfilTest -->
