<?xml version="1.0" encoding="UTF-8"?>
<!-- Generated by org.testng.reporters.JUnitReportReporter -->
<testsuite hostname="DESKTOP-GMEKR49" failures="0" tests="1" name="com.qa.tests.BpjsppobTest" time="55.889" errors="0" timestamp="2020-08-06T15:50:18 ICT" skipped="0">
  <testcase classname="com.qa.tests.BpjsppobTest" name="belibpjs11bPpob" time="55.889"/>
  <system-out/>
</testsuite> <!-- com.qa.tests.BpjsppobTest -->
