<?xml version="1.0" encoding="UTF-8"?>
<!-- Generated by org.testng.reporters.JUnitReportReporter -->
<testsuite hostname="DESKTOP-GMEKR49" failures="0" tests="2" name="com.qa.tests.PdamppobTest" time="116.733" errors="0" timestamp="2020-08-12T13:55:11 ICT" skipped="0">
  <testcase classname="com.qa.tests.PdamppobTest" name="belipdam12bPpob" time="66.866"/>
  <system-out/>
  <testcase classname="com.qa.tests.PdamppobTest" name="belipdam2bPpob" time="49.867"/>
  <system-out/>
</testsuite> <!-- com.qa.tests.PdamppobTest -->
