<?xml version="1.0" encoding="UTF-8"?>
<!-- Generated by org.testng.reporters.JUnitReportReporter -->
<testsuite skipped="0" hostname="DESKTOP-UH2AGQ7" name="com.qa.tests.MenambahDeliveryTest" tests="3" failures="0" timestamp="2020-08-07T10:50:19 ICT" time="31.891" errors="0">
  <testcase name="loginValidUser" time="5.173" classname="com.qa.tests.MenambahDeliveryTest"/>
  <system-out/>
  <testcase name="menambahDelivery" time="22.818" classname="com.qa.tests.MenambahDeliveryTest"/>
  <system-out/>
  <testcase name="logout" time="3.900" classname="com.qa.tests.MenambahDeliveryTest"/>
  <system-out/>
</testsuite> <!-- com.qa.tests.MenambahDeliveryTest -->
