<?xml version="1.0" encoding="UTF-8"?>
<!-- Generated by org.testng.reporters.JUnitReportReporter -->
<testsuite hostname="DESKTOP-GMEKR49" failures="0" tests="1" name="com.qa.tests.InventoryTest" time="51.692" errors="0" timestamp="2020-08-18T09:22:31 ICT" skipped="0">
  <testcase classname="com.qa.tests.InventoryTest" name="beliInventory" time="51.692"/>
  <system-out/>
</testsuite> <!-- com.qa.tests.InventoryTest -->
